Using pre-set license
Built from '2021.3/staging' branch; Version is '2021.3.8f1 (b30333d56e81) revision 11731763'; Using compiler version '192829333'; Build Type 'Release'
OS: 'Windows 11  (10.0.22621) 64bit Core' Language: 'en' Physical Memory: 7968 MB
BatchMode: 1, IsHumanControllingUs: 0, StartBugReporterOnCrash: 0, Is64bit: 1, IsPro: 1

COMMAND LINE ARGUMENTS:
C:\Program Files\Unity\Hub\Editor\2021.3.8f1\Editor\Unity.exe
-adb2
-batchMode
-noUpm
-name
AssetImportWorker0
-projectPath
C:/Users/javic/Desktop/X8-Markerless
-logFile
Logs/AssetImportWorker0.log
-srvPort
53314
Successfully changed project path to: C:/Users/javic/Desktop/X8-Markerless
C:/Users/javic/Desktop/X8-Markerless
[UnityMemory] Configuration Parameters - Can be set up in boot.config
    "memorysetup-bucket-allocator-granularity=16"
    "memorysetup-bucket-allocator-bucket-count=8"
    "memorysetup-bucket-allocator-block-size=33554432"
    "memorysetup-bucket-allocator-block-count=8"
    "memorysetup-main-allocator-block-size=16777216"
    "memorysetup-thread-allocator-block-size=16777216"
    "memorysetup-gfx-main-allocator-block-size=16777216"
    "memorysetup-gfx-thread-allocator-block-size=16777216"
    "memorysetup-cache-allocator-block-size=4194304"
    "memorysetup-typetree-allocator-block-size=2097152"
    "memorysetup-profiler-bucket-allocator-granularity=16"
    "memorysetup-profiler-bucket-allocator-bucket-count=8"
    "memorysetup-profiler-bucket-allocator-block-size=33554432"
    "memorysetup-profiler-bucket-allocator-block-count=8"
    "memorysetup-profiler-allocator-block-size=16777216"
    "memorysetup-profiler-editor-allocator-block-size=1048576"
    "memorysetup-temp-allocator-size-main=16777216"
    "memorysetup-job-temp-allocator-block-size=2097152"
    "memorysetup-job-temp-allocator-block-size-background=1048576"
    "memorysetup-job-temp-allocator-reduction-small-platforms=262144"
    "memorysetup-temp-allocator-size-background-worker=32768"
    "memorysetup-temp-allocator-size-job-worker=262144"
    "memorysetup-temp-allocator-size-preload-manager=33554432"
    "memorysetup-temp-allocator-size-nav-mesh-worker=65536"
    "memorysetup-temp-allocator-size-audio-worker=65536"
    "memorysetup-temp-allocator-size-cloud-worker=32768"
    "memorysetup-temp-allocator-size-gi-baking-worker=262144"
    "memorysetup-temp-allocator-size-gfx=262144"
Refreshing native plugins compatible for Editor in 293.64 ms, found 9 plugins.
Preloading 0 native plugins for Editor in 0.00 ms.
Initialize engine version: 2021.3.8f1 (b30333d56e81)
[Subsystems] Discovering subsystems at path C:/Program Files/Unity/Hub/Editor/2021.3.8f1/Editor/Data/Resources/UnitySubsystems
[Subsystems] Discovering subsystems at path C:/Users/javic/Desktop/X8-Markerless/Assets
GfxDevice: creating device client; threaded=0; jobified=0
Direct3D:
    Version:  Direct3D 11.0 [level 11.1]
    Renderer: NVIDIA GeForce GTX 1650 SUPER (ID=0x2187)
    Vendor:   NVIDIA
    VRAM:     3955 MB
    Driver:   31.0.15.1694
Shader Custom/Mask uses undefined Queue: 'Geometry - 1'
Shader Custom/Mask uses undefined Queue: 'Geometry - 1'
Initialize mono
Mono path[0] = 'C:/Program Files/Unity/Hub/Editor/2021.3.8f1/Editor/Data/Managed'
Mono path[1] = 'C:/Program Files/Unity/Hub/Editor/2021.3.8f1/Editor/Data/MonoBleedingEdge/lib/mono/unityjit-win32'
Mono config path = 'C:/Program Files/Unity/Hub/Editor/2021.3.8f1/Editor/Data/MonoBleedingEdge/etc'
Using monoOptions --debugger-agent=transport=dt_socket,embedding=1,server=y,suspend=n,address=127.0.0.1:56256
Begin MonoManager ReloadAssembly
Registering precompiled unity dll's ...
Register platform support module: C:/Program Files/Unity/Hub/Editor/2021.3.8f1/Editor/Data/PlaybackEngines/AndroidPlayer/UnityEditor.Android.Extensions.dll
Register platform support module: C:/Program Files/Unity/Hub/Editor/2021.3.8f1/Editor/Data/PlaybackEngines/WindowsStandaloneSupport/UnityEditor.WindowsStandalone.Extensions.dll
Registered in 0.007509 seconds.
Native extension for WindowsStandalone target not found
Native extension for Android target not found
Refreshing native plugins compatible for Editor in 128.66 ms, found 9 plugins.
Preloading 0 native plugins for Editor in 0.00 ms.
Mono: successfully reloaded assembly
- Completed reload, in  0.817 seconds
Domain Reload Profiling:
	ReloadAssembly (818ms)
		BeginReloadAssembly (116ms)
			ExecutionOrderSort (0ms)
			DisableScriptedObjects (0ms)
			BackupInstance (0ms)
			ReleaseScriptingObjects (0ms)
			CreateAndSetChildDomain (1ms)
		EndReloadAssembly (573ms)
			LoadAssemblies (114ms)
			RebuildTransferFunctionScriptingTraits (0ms)
			SetupTypeCache (123ms)
			ReleaseScriptCaches (0ms)
			RebuildScriptCaches (34ms)
			SetupLoadedEditorAssemblies (359ms)
				LogAssemblyErrors (0ms)
				InitializePlatformSupportModulesInManaged (62ms)
				SetLoadedEditorAssemblies (0ms)
				RefreshPlugins (129ms)
				BeforeProcessingInitializeOnLoad (1ms)
				ProcessInitializeOnLoadAttributes (116ms)
				ProcessInitializeOnLoadMethodAttributes (50ms)
				AfterProcessingInitializeOnLoad (0ms)
				EditorAssembliesLoaded (0ms)
			ExecutionOrderSort2 (0ms)
			AwakeInstancesAfterBackupRestoration (0ms)
Platform modules already initialized, skipping
Registering precompiled user dll's ...
Registered in 0.008042 seconds.
Android Extension - Scanning For ADB Devices 4376 ms
Begin MonoManager ReloadAssembly
Symbol file LoadedFromMemory doesn't match image C:\Users\javic\Desktop\X8-Markerless\Library\PackageCache\com.unity.visualscripting@1.7.8\Editor\VisualScripting.Core\Dependencies\DotNetZip\Unity.VisualScripting.IonicZip.dll
Symbol file LoadedFromMemory doesn't match image C:\Users\javic\Desktop\X8-Markerless\Library\PackageCache\com.unity.visualscripting@1.7.8\Editor\VisualScripting.Core\Dependencies\YamlDotNet\Unity.VisualScripting.YamlDotNet.dll
Native extension for WindowsStandalone target not found
Native extension for Android target not found
Refreshing native plugins compatible for Editor in 124.62 ms, found 9 plugins.
Preloading 0 native plugins for Editor in 0.00 ms.
Package Manager log level set to [2]
Mono: successfully reloaded assembly
- Completed reload, in  1.642 seconds
Domain Reload Profiling:
	ReloadAssembly (1644ms)
		BeginReloadAssembly (119ms)
			ExecutionOrderSort (0ms)
			DisableScriptedObjects (6ms)
			BackupInstance (0ms)
			ReleaseScriptingObjects (0ms)
			CreateAndSetChildDomain (23ms)
		EndReloadAssembly (1377ms)
			LoadAssemblies (160ms)
			RebuildTransferFunctionScriptingTraits (0ms)
			SetupTypeCache (370ms)
			ReleaseScriptCaches (2ms)
			RebuildScriptCaches (81ms)
			SetupLoadedEditorAssemblies (699ms)
				LogAssemblyErrors (0ms)
				InitializePlatformSupportModulesInManaged (15ms)
				SetLoadedEditorAssemblies (0ms)
				RefreshPlugins (125ms)
				BeforeProcessingInitializeOnLoad (140ms)
				ProcessInitializeOnLoadAttributes (375ms)
				ProcessInitializeOnLoadMethodAttributes (37ms)
				AfterProcessingInitializeOnLoad (6ms)
				EditorAssembliesLoaded (0ms)
			ExecutionOrderSort2 (0ms)
			AwakeInstancesAfterBackupRestoration (7ms)
Platform modules already initialized, skipping
========================================================================
Worker process is ready to serve import requests
Shader Custom/Mask uses undefined Queue: 'Geometry - 1'
Shader Custom/Mask uses undefined Queue: 'Geometry - 1'
Launched and connected shader compiler UnityShaderCompiler.exe after 0.04 seconds
Refreshing native plugins compatible for Editor in 1.04 ms, found 9 plugins.
Preloading 0 native plugins for Editor in 0.00 ms.
Unloading 4918 Unused Serialized files (Serialized files now loaded: 0)
Unloading 52 unused Assets / (209.9 KB). Loaded Objects now: 5372.
Memory consumption went from 173.1 MB to 172.9 MB.
Total: 4.911100 ms (FindLiveObjects: 0.444200 ms CreateObjectMapping: 0.318700 ms MarkObjects: 3.947400 ms  DeleteObjects: 0.199900 ms)

AssetImportParameters requested are different than current active one (requested -> active):
  custom:video-decoder-ogg-theora: a1e56fd34408186e4bbccfd4996cb3dc -> 
  custom:container-muxer-webm: aa71ff27fc2769a1b78a27578f13a17b -> 
  custom:container-demuxer-webm: 4f35f7cbe854078d1ac9338744f61a02 -> 
  custom:video-encoder-webm-vp8: eb34c28f22e8b96e1ab97ce403110664 -> 
  custom:video-codec-MediaFoundation-h265: 746d11721c4dcdbdad8f713fa42b33f4 -> 
  custom:audio-encoder-webm-vorbis: bf7c407c2cedff20999df2af8eb42d56 -> 
  custom:framework-win-MediaFoundation: 216162199b28c13a410421893ffa2e32 -> 
  custom:container-demuxer-ogg: 62fdf1f143b41e24485cea50d1cbac27 -> 
  custom:video-decoder-webm-vp8: 9c59270c3fd7afecdb556c50c9e8de78 -> 
  custom:audio-decoder-ogg-vorbis: bf7c407c2cedff20999df2af8eb42d56 -> 
========================================================================
Received Import Request.
  Time since last request: 114180.871542 seconds.
  path: Assets/portal stuff/Images/Drwaing1.mat
  artifactKey: Guid(5b4f06fe6135ebd4a8ec45e0b9df1ddc) Importer(815301076,1909f56bfc062723c751e8b465ee728b)
Start importing Assets/portal stuff/Images/Drwaing1.mat using Guid(5b4f06fe6135ebd4a8ec45e0b9df1ddc) Importer(815301076,1909f56bfc062723c751e8b465ee728b)  -> (artifact id: 'd5a11ae769faf04709b372f18fe60059') in 0.145333 seconds 
========================================================================
Received Import Request.
  Time since last request: 0.000041 seconds.
  path: Packages/com.unity.inputsystem/InputSystem/Editor/AssetEditor/Resources/pro/actionTreeBackground.png
  artifactKey: Guid(c4b66e31395c54087a2fbc13ae7e0f3c) Importer(815301076,1909f56bfc062723c751e8b465ee728b)
Start importing Packages/com.unity.inputsystem/InputSystem/Editor/AssetEditor/Resources/pro/actionTreeBackground.png using Guid(c4b66e31395c54087a2fbc13ae7e0f3c) Importer(815301076,1909f56bfc062723c751e8b465ee728b)  -> (artifact id: '83f03a66caa584ea729bdec7e4cc17bc') in 0.030383 seconds 
========================================================================
Received Import Request.
  Time since last request: 0.000023 seconds.
  path: Assets/ExampleAssets/Tutorial/Images/1-welcome-screen-image.png
  artifactKey: Guid(a36153625af524c1f9fb6e04b5ed3e1c) Importer(815301076,1909f56bfc062723c751e8b465ee728b)
Start importing Assets/ExampleAssets/Tutorial/Images/1-welcome-screen-image.png using Guid(a36153625af524c1f9fb6e04b5ed3e1c) Importer(815301076,1909f56bfc062723c751e8b465ee728b)  -> (artifact id: '62f368efbd5b65dd2b924490aa8547dd') in 0.028727 seconds 
========================================================================
Received Import Request.
  Time since last request: 29.840108 seconds.
  path: Packages/com.unity.collab-proxy/Editor/PlasticSCM/Assets/Images/buttonssosigninemail@2x.png
  artifactKey: Guid(ddf2e76e8a1f88f46ae1e42277850b48) Importer(815301076,1909f56bfc062723c751e8b465ee728b)
Start importing Packages/com.unity.collab-proxy/Editor/PlasticSCM/Assets/Images/buttonssosigninemail@2x.png using Guid(ddf2e76e8a1f88f46ae1e42277850b48) Importer(815301076,1909f56bfc062723c751e8b465ee728b)  -> (artifact id: 'af4f1c08bcedae096383dc07e4f598ac') in 0.049563 seconds 
========================================================================
Received Import Request.
  Time since last request: 0.000054 seconds.
  path: Packages/com.unity.inputsystem/InputSystem/Editor/Icons/ChevronUp.png
  artifactKey: Guid(a9fe7c3d19af4432b9ae2a5172f4ea72) Importer(815301076,1909f56bfc062723c751e8b465ee728b)
Start importing Packages/com.unity.inputsystem/InputSystem/Editor/Icons/ChevronUp.png using Guid(a9fe7c3d19af4432b9ae2a5172f4ea72) Importer(815301076,1909f56bfc062723c751e8b465ee728b)  -> (artifact id: '8ae1781be3a9aae408c3a26fa8a45b4d') in 0.024311 seconds 
========================================================================
Received Import Request.
  Time since last request: 0.000030 seconds.
  path: Packages/com.unity.inputsystem/InputSystem/Editor/Icons/ChevronDown@2x.png
  artifactKey: Guid(153c8e15f7f6c452ca50f6795813ed39) Importer(815301076,1909f56bfc062723c751e8b465ee728b)
Start importing Packages/com.unity.inputsystem/InputSystem/Editor/Icons/ChevronDown@2x.png using Guid(153c8e15f7f6c452ca50f6795813ed39) Importer(815301076,1909f56bfc062723c751e8b465ee728b)  -> (artifact id: 'ceec81726667ebe0d439b84a834f6b35') in 0.020780 seconds 
========================================================================
Received Import Request.
  Time since last request: 0.000026 seconds.
  path: Packages/com.unity.inputsystem/InputSystem/Editor/Icons/ChevronDown.png
  artifactKey: Guid(ba304f5556a3a4fac98d126883083e7e) Importer(815301076,1909f56bfc062723c751e8b465ee728b)
Start importing Packages/com.unity.inputsystem/InputSystem/Editor/Icons/ChevronDown.png using Guid(ba304f5556a3a4fac98d126883083e7e) Importer(815301076,1909f56bfc062723c751e8b465ee728b)  -> (artifact id: 'a1edc4bdcbbe2c2f3bbd9a80c78f3b8c') in 0.018664 seconds 
========================================================================
Received Import Request.
  Time since last request: 0.000032 seconds.
  path: Packages/com.unity.inputsystem/InputSystem/Editor/Icons/ChevronDown@4x.png
  artifactKey: Guid(d1acbe0a708dc40dc80254764e67ecfa) Importer(815301076,1909f56bfc062723c751e8b465ee728b)
Start importing Packages/com.unity.inputsystem/InputSystem/Editor/Icons/ChevronDown@4x.png using Guid(d1acbe0a708dc40dc80254764e67ecfa) Importer(815301076,1909f56bfc062723c751e8b465ee728b)  -> (artifact id: '1d93130532fb4ab788ad92a7f61e841e') in 0.018531 seconds 
========================================================================
Received Import Request.
  Time since last request: 9.605095 seconds.
  path: Assets/portal stuff/Images/New Material 1.mat
  artifactKey: Guid(cd74d50c6ff431a479878839af4061cf) Importer(815301076,1909f56bfc062723c751e8b465ee728b)
Start importing Assets/portal stuff/Images/New Material 1.mat using Guid(cd74d50c6ff431a479878839af4061cf) Importer(815301076,1909f56bfc062723c751e8b465ee728b)  -> (artifact id: 'ecf7dd42dd6ad69cd855701f71334bbf') in 0.013493 seconds 
========================================================================
Received Import Request.
  Time since last request: 102.471240 seconds.
  path: Assets/portal stuff/Images/Drwaing3.mat
  artifactKey: Guid(eb18bb8551f4f9d4db901d35e50f8844) Importer(815301076,1909f56bfc062723c751e8b465ee728b)
Start importing Assets/portal stuff/Images/Drwaing3.mat using Guid(eb18bb8551f4f9d4db901d35e50f8844) Importer(815301076,1909f56bfc062723c751e8b465ee728b)  -> (artifact id: '4b1e3ee69351e72ef52de05393f638cc') in 0.030339 seconds 
========================================================================
Received Import Request.
  Time since last request: 203.776949 seconds.
  path: Assets/portal stuff/Images/picasso.jpg
  artifactKey: Guid(4f02298f945fa5842989bdd45b7d5fd2) Importer(815301076,1909f56bfc062723c751e8b465ee728b)
Start importing Assets/portal stuff/Images/picasso.jpg using Guid(4f02298f945fa5842989bdd45b7d5fd2) Importer(815301076,1909f56bfc062723c751e8b465ee728b)  -> (artifact id: '8c5a881efa4281b6740e038774a5da69') in 0.080762 seconds 
========================================================================
Received Import Request.
  Time since last request: 43.948244 seconds.
  path: Assets/portal stuff/Images/New Material 2.mat
  artifactKey: Guid(7199b3d3fc8889c4b9815e2c6b139c9e) Importer(815301076,1909f56bfc062723c751e8b465ee728b)
Start importing Assets/portal stuff/Images/New Material 2.mat using Guid(7199b3d3fc8889c4b9815e2c6b139c9e) Importer(815301076,1909f56bfc062723c751e8b465ee728b)  -> (artifact id: '316b146fc844816b6bfb80f30c610f4b') in 0.016528 seconds 
========================================================================
Received Import Request.
  Time since last request: 85.734473 seconds.
  path: Assets/ExampleAssets/Scenes/SampleScene.unity
  artifactKey: Guid(9fc0d4010bbf28b4594072e72b8655ab) Importer(815301076,1909f56bfc062723c751e8b465ee728b)
Start importing Assets/ExampleAssets/Scenes/SampleScene.unity using Guid(9fc0d4010bbf28b4594072e72b8655ab) Importer(815301076,1909f56bfc062723c751e8b465ee728b)  -> (artifact id: '2b80b23bbb68c222970e05f193f5c423') in 0.006073 seconds 
========================================================================
Received Import Request.
  Time since last request: 46.531712 seconds.
  path: Assets/portal stuff/Images/Drwaing1.mat
  artifactKey: Guid(5b4f06fe6135ebd4a8ec45e0b9df1ddc) Importer(815301076,1909f56bfc062723c751e8b465ee728b)
Start importing Assets/portal stuff/Images/Drwaing1.mat using Guid(5b4f06fe6135ebd4a8ec45e0b9df1ddc) Importer(815301076,1909f56bfc062723c751e8b465ee728b)  -> (artifact id: '3e187dc01c720606e3115526aa5ab318') in 0.121204 seconds 
========================================================================
Received Import Request.
  Time since last request: 0.000020 seconds.
  path: Assets/portal stuff/Images/New Material 1.mat
  artifactKey: Guid(cd74d50c6ff431a479878839af4061cf) Importer(815301076,1909f56bfc062723c751e8b465ee728b)
Start importing Assets/portal stuff/Images/New Material 1.mat using Guid(cd74d50c6ff431a479878839af4061cf) Importer(815301076,1909f56bfc062723c751e8b465ee728b)  -> (artifact id: '71fa50e71913fb13a9b50c8cf704f642') in 0.017322 seconds 
========================================================================
Received Import Request.
  Time since last request: 0.000030 seconds.
  path: Assets/portal stuff/Images/New Material 2.mat
  artifactKey: Guid(7199b3d3fc8889c4b9815e2c6b139c9e) Importer(815301076,1909f56bfc062723c751e8b465ee728b)
Start importing Assets/portal stuff/Images/New Material 2.mat using Guid(7199b3d3fc8889c4b9815e2c6b139c9e) Importer(815301076,1909f56bfc062723c751e8b465ee728b)  -> (artifact id: '92b1d447ad5c038727ca6b188fcbfc62') in 0.032103 seconds 
========================================================================
Received Import Request.
  Time since last request: 680.329558 seconds.
  path: Assets/portal stuff/Images/607px-Mikalojus_Konstantinas_Ciurlionis_-_PERKUNAS_(THOR)_-_1909.jpg
  artifactKey: Guid(d710c335755307f4a95f917d60f90f98) Importer(815301076,1909f56bfc062723c751e8b465ee728b)
Start importing Assets/portal stuff/Images/607px-Mikalojus_Konstantinas_Ciurlionis_-_PERKUNAS_(THOR)_-_1909.jpg using Guid(d710c335755307f4a95f917d60f90f98) Importer(815301076,1909f56bfc062723c751e8b465ee728b)  -> (artifact id: 'e04527420ed8f6d114f42649060f26d7') in 0.046522 seconds 
========================================================================
Received Import Request.
  Time since last request: 5.758891 seconds.
  path: Assets/portal stuff/Images/New Material 4.mat
  artifactKey: Guid(336e72c5a45abef499a9787a4f16fafb) Importer(815301076,1909f56bfc062723c751e8b465ee728b)
Start importing Assets/portal stuff/Images/New Material 4.mat using Guid(336e72c5a45abef499a9787a4f16fafb) Importer(815301076,1909f56bfc062723c751e8b465ee728b)  -> (artifact id: '7b2c5e4d569ef348fd26e2e615bb90e7') in 0.037199 seconds 
========================================================================
Received Import Request.
  Time since last request: 79.860936 seconds.
  path: Assets/portal stuff/Images/New Material 4.mat
  artifactKey: Guid(336e72c5a45abef499a9787a4f16fafb) Importer(815301076,1909f56bfc062723c751e8b465ee728b)
Start importing Assets/portal stuff/Images/New Material 4.mat using Guid(336e72c5a45abef499a9787a4f16fafb) Importer(815301076,1909f56bfc062723c751e8b465ee728b)  -> (artifact id: '8e0b72a6ab1bdef6ad3b6784501a21e9') in 0.021970 seconds 
